<?xml version="1.0" encoding="UTF-8"?>
<!-- Generated by org.testng.reporters.JUnitReportReporter -->
<testsuite hostname="LAPTOP-MECT35IO" failures="0" tests="1" name="saucetestpkg.testclss" time="3.915" errors="0" timestamp="2024-03-11T19:16:33 IST" skipped="0">
  <testcase classname="saucetestpkg.testclss" name="verifyLoginWithValidCred" time="3.915"/>
</testsuite> <!-- saucetestpkg.testclss -->
